2023/05/28 21:11:58 [    INFO] - __main__.( 18) - program started
2023/05/28 21:11:58 [   DEBUG] - sub_module1.(  9) - I am f1 in module1
2023/05/28 21:11:58 [    INFO] - sub_module1.( 10) - I am f1 in module1
2023/05/28 21:11:58 [ WARNING] - sub_module1.( 11) - I am f1 in module1
2023/05/28 21:11:58 [   ERROR] - sub_module1.( 12) - I am f1 in module1
2023/05/28 21:11:58 [CRITICAL] - sub_module1.( 13) - I am f1 in module1
2023/05/28 21:11:58 [   DEBUG] - sub_module2.(  9) - I am f2 in module2
2023/05/28 21:11:58 [    INFO] - sub_module2.( 10) - I am f2 in module2
2023/05/28 21:11:58 [ WARNING] - sub_module2.( 11) - I am f2 in module2
2023/05/28 21:11:58 [   ERROR] - sub_module2.( 12) - I am f2 in module2
2023/05/28 21:11:58 [CRITICAL] - sub_module2.( 13) - I am f2 in module2
2023/05/28 21:12:00 [   DEBUG] - sub_module2.(  9) - I am f2 in module2
2023/05/28 21:12:00 [    INFO] - sub_module2.( 10) - I am f2 in module2
2023/05/28 21:12:00 [ WARNING] - sub_module2.( 11) - I am f2 in module2
2023/05/28 21:12:00 [   ERROR] - sub_module2.( 12) - I am f2 in module2
2023/05/28 21:12:00 [CRITICAL] - sub_module2.( 13) - I am f2 in module2
2023/05/28 21:12:01 [   DEBUG] - sub_module1.(  9) - I am f1 in module1
2023/05/28 21:12:01 [    INFO] - sub_module1.( 10) - I am f1 in module1
2023/05/28 21:12:01 [ WARNING] - sub_module1.( 11) - I am f1 in module1
2023/05/28 21:12:01 [   ERROR] - sub_module1.( 12) - I am f1 in module1
2023/05/28 21:12:01 [CRITICAL] - sub_module1.( 13) - I am f1 in module1
2023/05/28 21:12:02 [   DEBUG] - sub_module2.(  9) - I am f2 in module2
2023/05/28 21:12:02 [    INFO] - sub_module2.( 10) - I am f2 in module2
2023/05/28 21:12:02 [ WARNING] - sub_module2.( 11) - I am f2 in module2
2023/05/28 21:12:02 [   ERROR] - sub_module2.( 12) - I am f2 in module2
2023/05/28 21:12:02 [CRITICAL] - sub_module2.( 13) - I am f2 in module2
2023/05/28 21:12:04 [   DEBUG] - sub_module1.(  9) - I am f1 in module1
2023/05/28 21:12:04 [    INFO] - sub_module1.( 10) - I am f1 in module1
2023/05/28 21:12:04 [ WARNING] - sub_module1.( 11) - I am f1 in module1
2023/05/28 21:12:04 [   ERROR] - sub_module1.( 12) - I am f1 in module1
2023/05/28 21:12:04 [CRITICAL] - sub_module1.( 13) - I am f1 in module1
2023/05/28 21:12:04 [   DEBUG] - sub_module2.(  9) - I am f2 in module2
2023/05/28 21:12:04 [    INFO] - sub_module2.( 10) - I am f2 in module2
2023/05/28 21:12:04 [ WARNING] - sub_module2.( 11) - I am f2 in module2
2023/05/28 21:12:04 [   ERROR] - sub_module2.( 12) - I am f2 in module2
2023/05/28 21:12:04 [CRITICAL] - sub_module2.( 13) - I am f2 in module2
2023/05/28 21:12:06 [   DEBUG] - sub_module2.(  9) - I am f2 in module2
2023/05/28 21:12:06 [    INFO] - sub_module2.( 10) - I am f2 in module2
2023/05/28 21:12:06 [ WARNING] - sub_module2.( 11) - I am f2 in module2
2023/05/28 21:12:06 [   ERROR] - sub_module2.( 12) - I am f2 in module2
2023/05/28 21:12:06 [CRITICAL] - sub_module2.( 13) - I am f2 in module2
2023/05/28 21:12:07 [   DEBUG] - sub_module1.(  9) - I am f1 in module1
2023/05/28 21:12:07 [    INFO] - sub_module1.( 10) - I am f1 in module1
2023/05/28 21:12:07 [ WARNING] - sub_module1.( 11) - I am f1 in module1
2023/05/28 21:12:07 [   ERROR] - sub_module1.( 12) - I am f1 in module1
2023/05/28 21:12:07 [CRITICAL] - sub_module1.( 13) - I am f1 in module1
2023/05/28 21:12:08 [   DEBUG] - sub_module2.(  9) - I am f2 in module2
2023/05/28 21:12:08 [    INFO] - sub_module2.( 10) - I am f2 in module2
2023/05/28 21:12:08 [ WARNING] - sub_module2.( 11) - I am f2 in module2
2023/05/28 21:12:08 [   ERROR] - sub_module2.( 12) - I am f2 in module2
2023/05/28 21:12:08 [CRITICAL] - sub_module2.( 13) - I am f2 in module2
2023/05/28 21:12:10 [   DEBUG] - sub_module1.(  9) - I am f1 in module1
2023/05/28 21:12:10 [    INFO] - sub_module1.( 10) - I am f1 in module1
2023/05/28 21:12:10 [ WARNING] - sub_module1.( 11) - I am f1 in module1
2023/05/28 21:12:10 [   ERROR] - sub_module1.( 12) - I am f1 in module1
2023/05/28 21:12:10 [CRITICAL] - sub_module1.( 13) - I am f1 in module1
2023/05/28 21:12:10 [   DEBUG] - sub_module2.(  9) - I am f2 in module2
2023/05/28 21:12:10 [    INFO] - sub_module2.( 10) - I am f2 in module2
2023/05/28 21:12:10 [ WARNING] - sub_module2.( 11) - I am f2 in module2
2023/05/28 21:12:10 [   ERROR] - sub_module2.( 12) - I am f2 in module2
2023/05/28 21:12:10 [CRITICAL] - sub_module2.( 13) - I am f2 in module2
